0 info it worked if it ends with ok
1 verbose cli [ '/root/.nvm/versions/node/v6.9.1/bin/node',
1 verbose cli   '/root/.nvm/versions/node/v6.9.1/bin/npm',
1 verbose cli   'start' ]
2 info using npm@3.10.8
3 info using node@v6.9.1
4 verbose run-script [ 'prestart', 'start', 'poststart' ]
5 info lifecycle transit-planner@0.0.0~prestart: transit-planner@0.0.0
6 silly lifecycle transit-planner@0.0.0~prestart: no script for prestart, continuing
7 info lifecycle transit-planner@0.0.0~start: transit-planner@0.0.0
8 verbose lifecycle transit-planner@0.0.0~start: unsafe-perm in lifecycle true
9 verbose lifecycle transit-planner@0.0.0~start: PATH: /root/.nvm/versions/node/v6.9.1/lib/node_modules/npm/bin/node-gyp-bin:/srv/www/cloud9-workspace/planner-old/planner-backend/node_modules/.bin:/root/.nvm/versions/node/v6.9.1/bin:/usr/local/sbin:/usr/local/bin:/usr/sbin:/usr/bin:/sbin:/bin:/usr/games:/usr/local/games:/snap/bin:/opt/gurobi/linux64/bin
10 verbose lifecycle transit-planner@0.0.0~start: CWD: /srv/www/cloud9-workspace/planner-old/planner-backend
11 silly lifecycle transit-planner@0.0.0~start: Args: [ '-c', 'node ./bin/www -dd' ]
12 silly lifecycle transit-planner@0.0.0~start: Returned: code: 1  signal: null
13 info lifecycle transit-planner@0.0.0~start: Failed to exec start script
14 verbose stack Error: transit-planner@0.0.0 start: `node ./bin/www -dd`
14 verbose stack Exit status 1
14 verbose stack     at EventEmitter.<anonymous> (/root/.nvm/versions/node/v6.9.1/lib/node_modules/npm/lib/utils/lifecycle.js:255:16)
14 verbose stack     at emitTwo (events.js:106:13)
14 verbose stack     at EventEmitter.emit (events.js:191:7)
14 verbose stack     at ChildProcess.<anonymous> (/root/.nvm/versions/node/v6.9.1/lib/node_modules/npm/lib/utils/spawn.js:40:14)
14 verbose stack     at emitTwo (events.js:106:13)
14 verbose stack     at ChildProcess.emit (events.js:191:7)
14 verbose stack     at maybeClose (internal/child_process.js:877:16)
14 verbose stack     at Process.ChildProcess._handle.onexit (internal/child_process.js:226:5)
15 verbose pkgid transit-planner@0.0.0
16 verbose cwd /srv/www/cloud9-workspace/planner-old/planner-backend
17 error Linux 5.4.0-64-generic
18 error argv "/root/.nvm/versions/node/v6.9.1/bin/node" "/root/.nvm/versions/node/v6.9.1/bin/npm" "start"
19 error node v6.9.1
20 error npm  v3.10.8
21 error code ELIFECYCLE
22 error transit-planner@0.0.0 start: `node ./bin/www -dd`
22 error Exit status 1
23 error Failed at the transit-planner@0.0.0 start script 'node ./bin/www -dd'.
23 error Make sure you have the latest version of node.js and npm installed.
23 error If you do, this is most likely a problem with the transit-planner package,
23 error not with npm itself.
23 error Tell the author that this fails on your system:
23 error     node ./bin/www -dd
23 error You can get information on how to open an issue for this project with:
23 error     npm bugs transit-planner
23 error Or if that isn't available, you can get their info via:
23 error     npm owner ls transit-planner
23 error There is likely additional logging output above.
24 verbose exit [ 1, true ]
